Checking Deal VIZIO D Series Full Array LED Smart TV - 32" Class, 1366 x 768, 720p, 60Hz, 16:9, 16.7 Million Colors, 2 x HDMI, USB, EN 
Deal VIZIO D Series Full Array LED Smart TV - 32" Class, 1366 x 768, 720p, 60Hz, 16:9, 16.7 Million Colors, 2 x HDMI, USB, EN ended 
Deal rejected
=====================
Checking Deal Braun Series 7 - 790cc Shaver System - Special Value Pack 
Deal Braun Series 7 - 790cc Shaver System - Special Value Pack ended 
Deal confirmed
=====================
Checking Deal JVC EM32TS 32" 720p 60Hz Class LED HDTV, Refurbished 
Deal JVC EM32TS 32" 720p 60Hz Class LED HDTV, Refurbished ended 
Deal rejected
=====================
Checking Deal Stanley Cantilever Metal Toolbox with a 30-piece Socket Set 
Checking Deal Stanley Cantilever Metal Toolbox with a 30-piece Socket Set 
Deal Stanley Cantilever Metal Toolbox with a 30-piece Socket Set ended 
Deal rejected
=====================
Checking Deal Sceptre X405BV-FHDR 40.0-inch Ultra Slim LED TV - 1080p (Full HD) - 60 Hz - 10000:1 - 250 cd/m2 - 8 ms - HDMI, USB 
Checking Deal Sceptre X405BV-FHDR 40.0-inch Ultra Slim LED TV - 1080p (Full HD) - 60 Hz - 10000:1 - 250 cd/m2 - 8 ms - HDMI, USB 
Deal Sceptre X405BV-FHDR 40.0-inch Ultra Slim LED TV - 1080p (Full HD) - 60 Hz - 10000:1 - 250 cd/m2 - 8 ms - HDMI, USB ended 
Deal rejected
=====================
Checking Deal VIZIO D Series Full Array LED Smart TV - 32" Class, 1366 x 768, 720p, 60Hz, 16:9, 16.7 Million Colors, 2 x HDMI, USB, EN 
Deal VIZIO D Series Full Array LED Smart TV - 32" Class, 1366 x 768, 720p, 60Hz, 16:9, 16.7 Million Colors, 2 x HDMI, USB, EN ended 
Deal rejected
=====================
